{"logTime": "0226/043505", "correlationVector":"e68OkiCgoPYcTH2J0zyBZC.1","action":"SyncServerConnectionManagerRequest", "result":"SYNC_SERVER_OK", "context":{"environment":"Prod_canadacentral_prod-s01-021-nam-canadacentral", "migrationStage":"NotStarted", "server":"akswtt00500000l"}}
{"logTime": "0226/043505", "correlationVector":"e68OkiCgoPYcTH2J0zyBZC.2","action":"ProcessGetUpdates", "result":"Done", "context":{"dataType":"Encryption Keys", "deleted":"0", "process_failed_to_decrypt":"0", "process_pending_decryption":"0", "process_success":"1", "total":"1"}}
{"logTime": "0226/043507", "correlationVector":"8Htlr/ctjgWFh5DmiaMTte","action":"SyncServerConnectionManagerRequest", "result":"SYNC_SERVER_OK", "context":{"environment":"", "migrationStage":"", "server":""}}
{"logTime": "0226/043507", "correlationVector":"e68OkiCgoPYcTH2J0zyBZC","action":"Initial GetUpdates", "result":"", "context":Reason: NEW_CLIENT. cV=e68OkiCgoPYcTH2J0zyBZC}
{"logTime": "0226/043507", "correlationVector":"e68OkiCgoPYcTH2J0zyBZC.3","action":"GetUpdates Response", "result":"Success", "context":Received 1 update(s). cV=e68OkiCgoPYcTH2J0zyBZC.0;server=akswtt00500000l;cloudType=Consumer;environment=Prod_canadacentral_prod-s01-021-nam-canadacentral;migrationStage=NotStarted}
{"logTime": "0226/043507", "correlationVector":"wWHHWcbkGaC+mBph3trsxs","action":"Initial GetUpdates", "result":"", "context":Reason: NEWLY_SUPPORTED_DATATYPE. cV=wWHHWcbkGaC+mBph3trsxs}
{"logTime": "0226/043509", "correlationVector":"wWHHWcbkGaC+mBph3trsxs.1","action":"SyncServerConnectionManagerRequest", "result":"SYNC_SERVER_OK", "context":{"environment":"Prod_canadacentral_prod-s01-021-nam-canadacentral", "migrationStage":"NotStarted", "server":"akswtt00500001a"}}
{"logTime": "0226/043509", "correlationVector":"wWHHWcbkGaC+mBph3trsxs.2","action":"ProcessGetUpdates", "result":"Done", "context":{"dataType":"Preferences", "deleted":"0", "process_failed_to_decrypt":"0", "process_pending_decryption":"0", "process_success":"50", "total":"50"}}
{"logTime": "0226/043509", "correlationVector":"wWHHWcbkGaC+mBph3trsxs.3","action":"ProcessGetUpdates", "result":"Done", "context":{"dataType":"Device Info", "deleted":"0", "process_failed_to_decrypt":"0", "process_pending_decryption":"0", "process_success":"200", "total":"200"}}
{"logTime": "0226/043509", "correlationVector":"wWHHWcbkGaC+mBph3trsxs.4","action":"GetUpdates Response", "result":"Success", "context":Received 250 update(s). cV=wWHHWcbkGaC+mBph3trsxs.0;server=akswtt00500001a;cloudType=Consumer;environment=Prod_canadacentral_prod-s01-021-nam-canadacentral;migrationStage=NotStarted Some updates remain.}
{"logTime": "0226/043509", "correlationVector":"kpnSZYBiWF/eeTjMj4o0Qz","action":"Initial GetUpdates", "result":"", "context":Reason: NEWLY_SUPPORTED_DATATYPE. cV=kpnSZYBiWF/eeTjMj4o0Qz}
{"logTime": "0226/043509", "correlationVector":"kpnSZYBiWF/eeTjMj4o0Qz","action":"SyncServerConnectionManagerRequest", "result":"CONNECTION_UNAVAILABLE", "context":{"error_type":"net_error_code", "error_value":"-3"}}
{"logTime": "0226/043548", "correlationVector":"hpZMzsBPKle98tAJW3RVcu.1","action":"SyncServerConnectionManagerRequest", "result":"SYNC_SERVER_OK", "context":{"environment":"Prod_canadacentral_prod-s01-021-nam-canadacentral", "migrationStage":"NotStarted", "server":"akswtt005000017"}}
{"logTime": "0226/043548", "correlationVector":"hpZMzsBPKle98tAJW3RVcu.2","action":"ProcessGetUpdates", "result":"Done", "context":{"dataType":"Encryption Keys", "deleted":"0", "process_failed_to_decrypt":"0", "process_pending_decryption":"0", "process_success":"1", "total":"1"}}
{"logTime": "0226/043550", "correlationVector":"y0bYyGdtOczE3T0+vqmh76","action":"SyncServerConnectionManagerRequest", "result":"SYNC_SERVER_OK", "context":{"environment":"", "migrationStage":"", "server":""}}
{"logTime": "0226/043550", "correlationVector":"hpZMzsBPKle98tAJW3RVcu","action":"Initial GetUpdates", "result":"", "context":Reason: NEW_CLIENT. cV=hpZMzsBPKle98tAJW3RVcu}
{"logTime": "0226/043550", "correlationVector":"hpZMzsBPKle98tAJW3RVcu.3","action":"GetUpdates Response", "result":"Success", "context":Received 1 update(s). cV=hpZMzsBPKle98tAJW3RVcu.0;server=akswtt005000017;cloudType=Consumer;environment=Prod_canadacentral_prod-s01-021-nam-canadacentral;migrationStage=NotStarted}
{"logTime": "0226/043550", "correlationVector":"q9p1ttOEB4/S0F44a7QgaS","action":"Initial GetUpdates", "result":"", "context":Reason: NEWLY_SUPPORTED_DATATYPE. cV=q9p1ttOEB4/S0F44a7QgaS}
{"logTime": "0226/043552", "correlationVector":"q9p1ttOEB4/S0F44a7QgaS","action":"SyncServerConnectionManagerRequest", "result":"CONNECTION_UNAVAILABLE", "context":{"error_type":"net_error_code", "error_value":"-3"}}
{"logTime": "0226/091317", "correlationVector":"LTl7ZeGhQcwTa8lI1VlSd1.1","action":"SyncServerConnectionManagerRequest", "result":"SYNC_SERVER_OK", "context":{"environment":"Prod_canadacentral_prod-s01-021-nam-canadacentral", "migrationStage":"NotStarted", "server":"akswtt00500001c"}}
{"logTime": "0226/091317", "correlationVector":"LTl7ZeGhQcwTa8lI1VlSd1.2","action":"ProcessGetUpdates", "result":"Done", "context":{"dataType":"Encryption Keys", "deleted":"0", "process_failed_to_decrypt":"0", "process_pending_decryption":"0", "process_success":"1", "total":"1"}}
{"logTime": "0226/091319", "correlationVector":"d7O2ttDRPFFI9RYFK9zQKv","action":"SyncServerConnectionManagerRequest", "result":"SYNC_SERVER_OK", "context":{"environment":"", "migrationStage":"", "server":""}}
{"logTime": "0226/091319", "correlationVector":"LTl7ZeGhQcwTa8lI1VlSd1","action":"Initial GetUpdates", "result":"", "context":Reason: NEW_CLIENT. cV=LTl7ZeGhQcwTa8lI1VlSd1}
{"logTime": "0226/091319", "correlationVector":"LTl7ZeGhQcwTa8lI1VlSd1.3","action":"GetUpdates Response", "result":"Success", "context":Received 1 update(s). cV=LTl7ZeGhQcwTa8lI1VlSd1.0;server=akswtt00500001c;cloudType=Consumer;environment=Prod_canadacentral_prod-s01-021-nam-canadacentral;migrationStage=NotStarted}
{"logTime": "0226/091319", "correlationVector":"nPxE+LO86X1jUGsNbSN1tc","action":"Initial GetUpdates", "result":"", "context":Reason: NEWLY_SUPPORTED_DATATYPE. cV=nPxE+LO86X1jUGsNbSN1tc}
{"logTime": "0226/091321", "correlationVector":"nPxE+LO86X1jUGsNbSN1tc.1","action":"SyncServerConnectionManagerRequest", "result":"SYNC_SERVER_OK", "context":{"environment":"Prod_canadacentral_prod-s01-021-nam-canadacentral", "migrationStage":"NotStarted", "server":"akswtt00500000j"}}
{"logTime": "0226/091321", "correlationVector":"nPxE+LO86X1jUGsNbSN1tc.2","action":"ProcessGetUpdates", "result":"Done", "context":{"dataType":"Preferences", "deleted":"0", "process_failed_to_decrypt":"0", "process_pending_decryption":"0", "process_success":"50", "total":"50"}}
{"logTime": "0226/091321", "correlationVector":"nPxE+LO86X1jUGsNbSN1tc.3","action":"ProcessGetUpdates", "result":"Done", "context":{"dataType":"Device Info", "deleted":"0", "process_failed_to_decrypt":"0", "process_pending_decryption":"0", "process_success":"200", "total":"200"}}
{"logTime": "0226/091321", "correlationVector":"nPxE+LO86X1jUGsNbSN1tc.4","action":"GetUpdates Response", "result":"Success", "context":Received 250 update(s). cV=nPxE+LO86X1jUGsNbSN1tc.0;server=akswtt00500000j;cloudType=Consumer;environment=Prod_canadacentral_prod-s01-021-nam-canadacentral;migrationStage=NotStarted Some updates remain.}
{"logTime": "0226/091321", "correlationVector":"vQZOMK7SytoP37Pjtxx/6u","action":"Initial GetUpdates", "result":"", "context":Reason: NEWLY_SUPPORTED_DATATYPE. cV=vQZOMK7SytoP37Pjtxx/6u}
{"logTime": "0226/091322", "correlationVector":"vQZOMK7SytoP37Pjtxx/6u.1","action":"SyncServerConnectionManagerRequest", "result":"SYNC_SERVER_OK", "context":{"environment":"Prod_canadacentral_prod-s01-021-nam-canadacentral", "migrationStage":"NotStarted", "server":"akswtt00500000j"}}
{"logTime": "0226/091322", "correlationVector":"vQZOMK7SytoP37Pjtxx/6u.2","action":"ProcessGetUpdates", "result":"Done", "context":{"dataType":"Preferences", "deleted":"0", "process_failed_to_decrypt":"0", "process_pending_decryption":"0", "process_success":"45", "total":"45"}}
{"logTime": "0226/091322", "correlationVector":"vQZOMK7SytoP37Pjtxx/6u.3","action":"ProcessGetUpdates", "result":"Done", "context":{"dataType":"Passwords", "deleted":"3", "process_failed_to_decrypt":"0", "process_pending_decryption":"0", "process_success":"3", "total":"3"}}
{"logTime": "0226/091322", "correlationVector":"vQZOMK7SytoP37Pjtxx/6u.4","action":"ProcessGetUpdates", "result":"Done", "context":{"dataType":"Device Info", "deleted":"0", "process_failed_to_decrypt":"0", "process_pending_decryption":"0", "process_success":"202", "total":"202"}}
{"logTime": "0226/091322", "correlationVector":"vQZOMK7SytoP37Pjtxx/6u.5","action":"GetUpdates Response", "result":"Success", "context":Received 250 update(s). cV=vQZOMK7SytoP37Pjtxx/6u.0;server=akswtt00500000j;cloudType=Consumer;environment=Prod_canadacentral_prod-s01-021-nam-canadacentral;migrationStage=NotStarted Some updates remain.}
{"logTime": "0226/091322", "correlationVector":"hqGGAy7HUwL49cpIM77yNf","action":"Initial GetUpdates", "result":"", "context":Reason: NEWLY_SUPPORTED_DATATYPE. cV=hqGGAy7HUwL49cpIM77yNf}
{"logTime": "0226/091323", "correlationVector":"hqGGAy7HUwL49cpIM77yNf.1","action":"SyncServerConnectionManagerRequest", "result":"SYNC_SERVER_OK", "context":{"environment":"Prod_canadacentral_prod-s01-021-nam-canadacentral", "migrationStage":"NotStarted", "server":"akswtt00500000o"}}
{"logTime": "0226/091323", "correlationVector":"hqGGAy7HUwL49cpIM77yNf.2","action":"ProcessGetUpdates", "result":"Done", "context":{"dataType":"Preferences", "deleted":"0", "process_failed_to_decrypt":"0", "process_pending_decryption":"0", "process_success":"13", "total":"13"}}
{"logTime": "0226/091323", "correlationVector":"hqGGAy7HUwL49cpIM77yNf.3","action":"ProcessGetUpdates", "result":"Done", "context":{"dataType":"Passwords", "deleted":"3", "process_failed_to_decrypt":"0", "process_pending_decryption":"0", "process_success":"49", "total":"49"}}
{"logTime": "0226/091323", "correlationVector":"hqGGAy7HUwL49cpIM77yNf.4","action":"ProcessGetUpdates", "result":"Done", "context":{"dataType":"Device Info", "deleted":"0", "process_failed_to_decrypt":"0", "process_pending_decryption":"0", "process_success":"187", "total":"187"}}
{"logTime": "0226/091323", "correlationVector":"hqGGAy7HUwL49cpIM77yNf.5","action":"GetUpdates Response", "result":"Success", "context":Received 249 update(s). cV=hqGGAy7HUwL49cpIM77yNf.0;server=akswtt00500000o;cloudType=Consumer;environment=Prod_canadacentral_prod-s01-021-nam-canadacentral;migrationStage=NotStarted Some updates remain.}
{"logTime": "0226/091323", "correlationVector":"aDwD4lwFiQjk6AQALNFaKb","action":"Initial GetUpdates", "result":"", "context":Reason: NEWLY_SUPPORTED_DATATYPE. cV=aDwD4lwFiQjk6AQALNFaKb}
{"logTime": "0226/091326", "correlationVector":"aDwD4lwFiQjk6AQALNFaKb.1","action":"SyncServerConnectionManagerRequest", "result":"SYNC_SERVER_OK", "context":{"environment":"Prod_canadacentral_prod-s01-021-nam-canadacentral", "migrationStage":"NotStarted", "server":"akswtt00500001p"}}
{"logTime": "0226/091326", "correlationVector":"aDwD4lwFiQjk6AQALNFaKb.2","action":"ProcessGetUpdates", "result":"Done", "context":{"dataType":"Passwords", "deleted":"0", "process_failed_to_decrypt":"0", "process_pending_decryption":"0", "process_success":"250", "total":"250"}}
{"logTime": "0226/091326", "correlationVector":"aDwD4lwFiQjk6AQALNFaKb.3","action":"GetUpdates Response", "result":"Success", "context":Received 250 update(s). cV=aDwD4lwFiQjk6AQALNFaKb.0;server=akswtt00500001p;cloudType=Consumer;environment=Prod_canadacentral_prod-s01-021-nam-canadacentral;migrationStage=NotStarted Some updates remain.}
{"logTime": "0226/091326", "correlationVector":"MXVcUFF10rInjmXpqCqBfH","action":"Initial GetUpdates", "result":"", "context":Reason: NEWLY_SUPPORTED_DATATYPE. cV=MXVcUFF10rInjmXpqCqBfH}
{"logTime": "0226/091327", "correlationVector":"MXVcUFF10rInjmXpqCqBfH.1","action":"SyncServerConnectionManagerRequest", "result":"SYNC_SERVER_OK", "context":{"environment":"Prod_canadacentral_prod-s01-021-nam-canadacentral", "migrationStage":"NotStarted", "server":"akswtt00500001c"}}
{"logTime": "0226/091327", "correlationVector":"MXVcUFF10rInjmXpqCqBfH.2","action":"ProcessGetUpdates", "result":"Done", "context":{"dataType":"Passwords", "deleted":"0", "process_failed_to_decrypt":"0", "process_pending_decryption":"0", "process_success":"250", "total":"250"}}
{"logTime": "0226/091327", "correlationVector":"MXVcUFF10rInjmXpqCqBfH.3","action":"GetUpdates Response", "result":"Success", "context":Received 250 update(s). cV=MXVcUFF10rInjmXpqCqBfH.0;server=akswtt00500001c;cloudType=Consumer;environment=Prod_canadacentral_prod-s01-021-nam-canadacentral;migrationStage=NotStarted Some updates remain.}
{"logTime": "0226/091327", "correlationVector":"G40SY/026nDSVxc2LdJemm","action":"Initial GetUpdates", "result":"", "context":Reason: NEWLY_SUPPORTED_DATATYPE. cV=G40SY/026nDSVxc2LdJemm}
{"logTime": "0226/091329", "correlationVector":"G40SY/026nDSVxc2LdJemm.1","action":"SyncServerConnectionManagerRequest", "result":"SYNC_SERVER_OK", "context":{"environment":"Prod_canadacentral_prod-s01-021-nam-canadacentral", "migrationStage":"NotStarted", "server":"akswtt00500001p"}}
{"logTime": "0226/091329", "correlationVector":"G40SY/026nDSVxc2LdJemm.2","action":"ProcessGetUpdates", "result":"Done", "context":{"dataType":"Passwords", "deleted":"0", "process_failed_to_decrypt":"0", "process_pending_decryption":"0", "process_success":"250", "total":"250"}}
{"logTime": "0226/091329", "correlationVector":"G40SY/026nDSVxc2LdJemm.3","action":"GetUpdates Response", "result":"Success", "context":Received 250 update(s). cV=G40SY/026nDSVxc2LdJemm.0;server=akswtt00500001p;cloudType=Consumer;environment=Prod_canadacentral_prod-s01-021-nam-canadacentral;migrationStage=NotStarted Some updates remain.}
{"logTime": "0226/091329", "correlationVector":"/OoNUTW1KmIrflhpmM5azR","action":"Initial GetUpdates", "result":"", "context":Reason: NEWLY_SUPPORTED_DATATYPE. cV=/OoNUTW1KmIrflhpmM5azR}
{"logTime": "0226/091331", "correlationVector":"/OoNUTW1KmIrflhpmM5azR.1","action":"SyncServerConnectionManagerRequest", "result":"SYNC_SERVER_OK", "context":{"environment":"Prod_canadacentral_prod-s01-021-nam-canadacentral", "migrationStage":"NotStarted", "server":"akswtt005000012"}}
{"logTime": "0226/091331", "correlationVector":"/OoNUTW1KmIrflhpmM5azR.2","action":"ProcessGetUpdates", "result":"Done", "context":{"dataType":"Passwords", "deleted":"0", "process_failed_to_decrypt":"0", "process_pending_decryption":"0", "process_success":"250", "total":"250"}}
{"logTime": "0226/091331", "correlationVector":"/OoNUTW1KmIrflhpmM5azR.3","action":"GetUpdates Response", "result":"Success", "context":Received 250 update(s). cV=/OoNUTW1KmIrflhpmM5azR.0;server=akswtt005000012;cloudType=Consumer;environment=Prod_canadacentral_prod-s01-021-nam-canadacentral;migrationStage=NotStarted Some updates remain.}
{"logTime": "0226/091331", "correlationVector":"2Xajwwuw9aeGGVPh+7h+s7","action":"Initial GetUpdates", "result":"", "context":Reason: NEWLY_SUPPORTED_DATATYPE. cV=2Xajwwuw9aeGGVPh+7h+s7}
{"logTime": "0226/091333", "correlationVector":"2Xajwwuw9aeGGVPh+7h+s7.1","action":"SyncServerConnectionManagerRequest", "result":"SYNC_SERVER_OK", "context":{"environment":"Prod_canadacentral_prod-s01-021-nam-canadacentral", "migrationStage":"NotStarted", "server":"akswtt005000010"}}
{"logTime": "0226/091333", "correlationVector":"2Xajwwuw9aeGGVPh+7h+s7.2","action":"ProcessGetUpdates", "result":"Done", "context":{"dataType":"Preferences", "deleted":"0", "process_failed_to_decrypt":"0", "process_pending_decryption":"0", "process_success":"16", "total":"16"}}
{"logTime": "0226/091333", "correlationVector":"2Xajwwuw9aeGGVPh+7h+s7.3","action":"ProcessGetUpdates", "result":"Done", "context":{"dataType":"Passwords", "deleted":"1", "process_failed_to_decrypt":"0", "process_pending_decryption":"0", "process_success":"194", "total":"194"}}
{"logTime": "0226/091333", "correlationVector":"2Xajwwuw9aeGGVPh+7h+s7.4","action":"ProcessGetUpdates", "result":"Done", "context":{"dataType":"Device Info", "deleted":"0", "process_failed_to_decrypt":"0", "process_pending_decryption":"0", "process_success":"10", "total":"10"}}
{"logTime": "0226/091333", "correlationVector":"2Xajwwuw9aeGGVPh+7h+s7.5","action":"GetUpdates Response", "result":"Success", "context":Received 220 update(s). cV=2Xajwwuw9aeGGVPh+7h+s7.0;server=akswtt005000010;cloudType=Consumer;environment=Prod_canadacentral_prod-s01-021-nam-canadacentral;migrationStage=NotStarted}
{"logTime": "0226/091333", "correlationVector":"dAHRROBm4npQQtY1d6pC9S","action":"Initial GetUpdates", "result":"", "context":Reason: NEWLY_SUPPORTED_DATATYPE. cV=dAHRROBm4npQQtY1d6pC9S}
{"logTime": "0226/091334", "correlationVector":"dAHRROBm4npQQtY1d6pC9S.1","action":"SyncServerConnectionManagerRequest", "result":"SYNC_SERVER_OK", "context":{"environment":"Prod_canadacentral_prod-s01-021-nam-canadacentral", "migrationStage":"NotStarted", "server":"akswtt00500000o"}}
{"logTime": "0226/091334", "correlationVector":"dAHRROBm4npQQtY1d6pC9S.2","action":"ProcessGetUpdates", "result":"Done", "context":{"dataType":"Bookmarks", "deleted":"0", "process_failed_to_decrypt":"0", "process_pending_decryption":"0", "process_success":"250", "total":"250"}}
{"logTime": "0226/091334", "correlationVector":"dAHRROBm4npQQtY1d6pC9S.3","action":"GetUpdates Response", "result":"Success", "context":Received 250 update(s). cV=dAHRROBm4npQQtY1d6pC9S.0;server=akswtt00500000o;cloudType=Consumer;environment=Prod_canadacentral_prod-s01-021-nam-canadacentral;migrationStage=NotStarted Some updates remain.}
{"logTime": "0226/091334", "correlationVector":"9QFbPc1/mxae235d5aKYV7","action":"Initial GetUpdates", "result":"", "context":Reason: NEWLY_SUPPORTED_DATATYPE. cV=9QFbPc1/mxae235d5aKYV7}
{"logTime": "0226/091336", "correlationVector":"9QFbPc1/mxae235d5aKYV7.1","action":"SyncServerConnectionManagerRequest", "result":"SYNC_SERVER_OK", "context":{"environment":"Prod_canadacentral_prod-s01-021-nam-canadacentral", "migrationStage":"NotStarted", "server":"akswtt00500000z"}}
{"logTime": "0226/091336", "correlationVector":"9QFbPc1/mxae235d5aKYV7.2","action":"ProcessGetUpdates", "result":"Done", "context":{"dataType":"Bookmarks", "deleted":"0", "process_failed_to_decrypt":"0", "process_pending_decryption":"0", "process_success":"250", "total":"250"}}
{"logTime": "0226/091336", "correlationVector":"9QFbPc1/mxae235d5aKYV7.3","action":"GetUpdates Response", "result":"Success", "context":Received 250 update(s). cV=9QFbPc1/mxae235d5aKYV7.0;server=akswtt00500000z;cloudType=Consumer;environment=Prod_canadacentral_prod-s01-021-nam-canadacentral;migrationStage=NotStarted Some updates remain.}
{"logTime": "0226/091336", "correlationVector":"sffCB0ESWcKut3e75MeOmV","action":"Initial GetUpdates", "result":"", "context":Reason: NEWLY_SUPPORTED_DATATYPE. cV=sffCB0ESWcKut3e75MeOmV}
{"logTime": "0226/091338", "correlationVector":"sffCB0ESWcKut3e75MeOmV.1","action":"SyncServerConnectionManagerRequest", "result":"SYNC_SERVER_OK", "context":{"environment":"Prod_canadacentral_prod-s01-021-nam-canadacentral", "migrationStage":"NotStarted", "server":"akswtt00500001c"}}
{"logTime": "0226/091338", "correlationVector":"sffCB0ESWcKut3e75MeOmV.2","action":"ProcessGetUpdates", "result":"Done", "context":{"dataType":"Bookmarks", "deleted":"0", "process_failed_to_decrypt":"0", "process_pending_decryption":"0", "process_success":"250", "total":"250"}}
{"logTime": "0226/091338", "correlationVector":"sffCB0ESWcKut3e75MeOmV.3","action":"GetUpdates Response", "result":"Success", "context":Received 250 update(s). cV=sffCB0ESWcKut3e75MeOmV.0;server=akswtt00500001c;cloudType=Consumer;environment=Prod_canadacentral_prod-s01-021-nam-canadacentral;migrationStage=NotStarted Some updates remain.}
{"logTime": "0226/091338", "correlationVector":"/7h60Ulkqn4QKU/uR/X5sR","action":"Initial GetUpdates", "result":"", "context":Reason: NEWLY_SUPPORTED_DATATYPE. cV=/7h60Ulkqn4QKU/uR/X5sR}
{"logTime": "0226/091339", "correlationVector":"/7h60Ulkqn4QKU/uR/X5sR.1","action":"SyncServerConnectionManagerRequest", "result":"SYNC_SERVER_OK", "context":{"environment":"Prod_canadacentral_prod-s01-021-nam-canadacentral", "migrationStage":"NotStarted", "server":"akswtt005000010"}}
{"logTime": "0226/091339", "correlationVector":"/7h60Ulkqn4QKU/uR/X5sR.2","action":"ProcessGetUpdates", "result":"Done", "context":{"dataType":"Bookmarks", "deleted":"30", "process_failed_to_decrypt":"0", "process_pending_decryption":"0", "process_success":"250", "total":"250"}}
{"logTime": "0226/091339", "correlationVector":"/7h60Ulkqn4QKU/uR/X5sR.3","action":"GetUpdates Response", "result":"Success", "context":Received 250 update(s). cV=/7h60Ulkqn4QKU/uR/X5sR.0;server=akswtt005000010;cloudType=Consumer;environment=Prod_canadacentral_prod-s01-021-nam-canadacentral;migrationStage=NotStarted Some updates remain.}
{"logTime": "0226/091339", "correlationVector":"soFOqo4q/J1f1Xsq4dM7M5","action":"Initial GetUpdates", "result":"", "context":Reason: NEWLY_SUPPORTED_DATATYPE. cV=soFOqo4q/J1f1Xsq4dM7M5}
{"logTime": "0226/091342", "correlationVector":"soFOqo4q/J1f1Xsq4dM7M5.1","action":"SyncServerConnectionManagerRequest", "result":"SYNC_SERVER_OK", "context":{"environment":"Prod_canadacentral_prod-s01-021-nam-canadacentral", "migrationStage":"NotStarted", "server":"akswtt00500001p"}}
{"logTime": "0226/091342", "correlationVector":"soFOqo4q/J1f1Xsq4dM7M5.2","action":"ProcessGetUpdates", "result":"Done", "context":{"dataType":"Bookmarks", "deleted":"15", "process_failed_to_decrypt":"0", "process_pending_decryption":"0", "process_success":"250", "total":"250"}}
{"logTime": "0226/091342", "correlationVector":"soFOqo4q/J1f1Xsq4dM7M5.3","action":"GetUpdates Response", "result":"Success", "context":Received 250 update(s). cV=soFOqo4q/J1f1Xsq4dM7M5.0;server=akswtt00500001p;cloudType=Consumer;environment=Prod_canadacentral_prod-s01-021-nam-canadacentral;migrationStage=NotStarted Some updates remain.}
{"logTime": "0226/091342", "correlationVector":"6Jr96O8OMKHaPYoJ71alnA","action":"Initial GetUpdates", "result":"", "context":Reason: NEWLY_SUPPORTED_DATATYPE. cV=6Jr96O8OMKHaPYoJ71alnA}
{"logTime": "0226/091342", "correlationVector":"6Jr96O8OMKHaPYoJ71alnA.1","action":"SyncServerConnectionManagerRequest", "result":"SYNC_SERVER_OK", "context":{"environment":"Prod_canadacentral_prod-s01-021-nam-canadacentral", "migrationStage":"NotStarted", "server":"akswtt00500001c"}}
{"logTime": "0226/091342", "correlationVector":"6Jr96O8OMKHaPYoJ71alnA.2","action":"ProcessGetUpdates", "result":"Done", "context":{"dataType":"Bookmarks", "deleted":"0", "process_failed_to_decrypt":"0", "process_pending_decryption":"0", "process_success":"19", "total":"19"}}
{"logTime": "0226/091342", "correlationVector":"6Jr96O8OMKHaPYoJ71alnA.3","action":"GetUpdates Response", "result":"Success", "context":Received 19 update(s). cV=6Jr96O8OMKHaPYoJ71alnA.0;server=akswtt00500001c;cloudType=Consumer;environment=Prod_canadacentral_prod-s01-021-nam-canadacentral;migrationStage=NotStarted}
{"logTime": "0226/091342", "correlationVector":"VY7arBc8p5L9io5LqhXynK","action":"Initial GetUpdates", "result":"", "context":Reason: NEWLY_SUPPORTED_DATATYPE. cV=VY7arBc8p5L9io5LqhXynK}
{"logTime": "0226/091344", "correlationVector":"VY7arBc8p5L9io5LqhXynK.1","action":"SyncServerConnectionManagerRequest", "result":"SYNC_SERVER_OK", "context":{"environment":"Prod_canadacentral_prod-s01-021-nam-canadacentral", "migrationStage":"NotStarted", "server":"akswtt00500001p"}}
{"logTime": "0226/091344", "correlationVector":"VY7arBc8p5L9io5LqhXynK.2","action":"ProcessGetUpdates", "result":"Done", "context":{"dataType":"Extensions", "deleted":"0", "process_failed_to_decrypt":"0", "process_pending_decryption":"0", "process_success":"13", "total":"13"}}
{"logTime": "0226/091344", "correlationVector":"VY7arBc8p5L9io5LqhXynK.3","action":"ProcessGetUpdates", "result":"Done", "context":{"dataType":"Sessions", "deleted":"221", "process_failed_to_decrypt":"0", "process_pending_decryption":"0", "process_success":"221", "total":"221"}}
{"logTime": "0226/091344", "correlationVector":"VY7arBc8p5L9io5LqhXynK.4","action":"ProcessGetUpdates", "result":"Done", "context":{"dataType":"Extension settings", "deleted":"0", "process_failed_to_decrypt":"0", "process_pending_decryption":"0", "process_success":"4", "total":"4"}}
{"logTime": "0226/091344", "correlationVector":"VY7arBc8p5L9io5LqhXynK.5","action":"ProcessGetUpdates", "result":"Done", "context":{"dataType":"Web Apps", "deleted":"0", "process_failed_to_decrypt":"0", "process_pending_decryption":"0", "process_success":"3", "total":"3"}}
{"logTime": "0226/091344", "correlationVector":"VY7arBc8p5L9io5LqhXynK.6","action":"ProcessGetUpdates", "result":"Done", "context":{"dataType":"Collection", "deleted":"0", "process_failed_to_decrypt":"0", "process_pending_decryption":"0", "process_success":"5", "total":"5"}}
{"logTime": "0226/091344", "correlationVector":"VY7arBc8p5L9io5LqhXynK.7","action":"ProcessGetUpdates", "result":"Done", "context":{"dataType":"Edge Hub App Usage", "deleted":"3", "process_failed_to_decrypt":"0", "process_pending_decryption":"0", "process_success":"4", "total":"4"}}
{"logTime": "0226/091344", "correlationVector":"VY7arBc8p5L9io5LqhXynK.8","action":"GetUpdates Response", "result":"Success", "context":Received 250 update(s). cV=VY7arBc8p5L9io5LqhXynK.0;server=akswtt00500001p;cloudType=Consumer;environment=Prod_canadacentral_prod-s01-021-nam-canadacentral;migrationStage=NotStarted Some updates remain.}
{"logTime": "0226/091344", "correlationVector":"3RxQx2TupHrFIkIT/0/emx","action":"Initial GetUpdates", "result":"", "context":Reason: NEWLY_SUPPORTED_DATATYPE. cV=3RxQx2TupHrFIkIT/0/emx}
{"logTime": "0226/091345", "correlationVector":"3RxQx2TupHrFIkIT/0/emx.1","action":"SyncServerConnectionManagerRequest", "result":"SYNC_SERVER_OK", "context":{"environment":"Prod_canadacentral_prod-s01-021-nam-canadacentral", "migrationStage":"NotStarted", "server":"akswtt005000015"}}
{"logTime": "0226/091345", "correlationVector":"3RxQx2TupHrFIkIT/0/emx.2","action":"ProcessGetUpdates", "result":"Done", "context":{"dataType":"Sessions", "deleted":"249", "process_failed_to_decrypt":"0", "process_pending_decryption":"0", "process_success":"249", "total":"249"}}
{"logTime": "0226/091345", "correlationVector":"3RxQx2TupHrFIkIT/0/emx.3","action":"ProcessGetUpdates", "result":"Done", "context":{"dataType":"Edge Tab Group", "deleted":"1", "process_failed_to_decrypt":"0", "process_pending_decryption":"0", "process_success":"1", "total":"1"}}
{"logTime": "0226/091345", "correlationVector":"3RxQx2TupHrFIkIT/0/emx.4","action":"GetUpdates Response", "result":"Success", "context":Received 250 update(s). cV=3RxQx2TupHrFIkIT/0/emx.0;server=akswtt005000015;cloudType=Consumer;environment=Prod_canadacentral_prod-s01-021-nam-canadacentral;migrationStage=NotStarted Some updates remain.}
{"logTime": "0226/091345", "correlationVector":"/xJYdqjq1C9pfcrXq0cHvA","action":"Initial GetUpdates", "result":"", "context":Reason: NEWLY_SUPPORTED_DATATYPE. cV=/xJYdqjq1C9pfcrXq0cHvA}
{"logTime": "0226/091346", "correlationVector":"/xJYdqjq1C9pfcrXq0cHvA.1","action":"SyncServerConnectionManagerRequest", "result":"SYNC_SERVER_OK", "context":{"environment":"Prod_canadacentral_prod-s01-021-nam-canadacentral", "migrationStage":"NotStarted", "server":"akswtt005000012"}}
{"logTime": "0226/091346", "correlationVector":"/xJYdqjq1C9pfcrXq0cHvA.2","action":"ProcessGetUpdates", "result":"Done", "context":{"dataType":"Sessions", "deleted":"250", "process_failed_to_decrypt":"0", "process_pending_decryption":"0", "process_success":"250", "total":"250"}}
{"logTime": "0226/091346", "correlationVector":"/xJYdqjq1C9pfcrXq0cHvA.3","action":"GetUpdates Response", "result":"Success", "context":Received 250 update(s). cV=/xJYdqjq1C9pfcrXq0cHvA.0;server=akswtt005000012;cloudType=Consumer;environment=Prod_canadacentral_prod-s01-021-nam-canadacentral;migrationStage=NotStarted Some updates remain.}
{"logTime": "0226/091346", "correlationVector":"8WlYKOBjpc2GMauZ4UfpqN","action":"Initial GetUpdates", "result":"", "context":Reason: NEWLY_SUPPORTED_DATATYPE. cV=8WlYKOBjpc2GMauZ4UfpqN}
{"logTime": "0226/091348", "correlationVector":"8WlYKOBjpc2GMauZ4UfpqN.1","action":"SyncServerConnectionManagerRequest", "result":"SYNC_SERVER_OK", "context":{"environment":"Prod_canadacentral_prod-s01-021-nam-canadacentral", "migrationStage":"NotStarted", "server":"akswtt00500001c"}}
{"logTime": "0226/091348", "correlationVector":"8WlYKOBjpc2GMauZ4UfpqN.2","action":"ProcessGetUpdates", "result":"Done", "context":{"dataType":"Sessions", "deleted":"247", "process_failed_to_decrypt":"0", "process_pending_decryption":"0", "process_success":"247", "total":"247"}}
{"logTime": "0226/091348", "correlationVector":"8WlYKOBjpc2GMauZ4UfpqN.3","action":"ProcessGetUpdates", "result":"Done", "context":{"dataType":"Edge Hub App Usage", "deleted":"3", "process_failed_to_decrypt":"0", "process_pending_decryption":"0", "process_success":"3", "total":"3"}}
{"logTime": "0226/091348", "correlationVector":"8WlYKOBjpc2GMauZ4UfpqN.4","action":"GetUpdates Response", "result":"Success", "context":Received 250 update(s). cV=8WlYKOBjpc2GMauZ4UfpqN.0;server=akswtt00500001c;cloudType=Consumer;environment=Prod_canadacentral_prod-s01-021-nam-canadacentral;migrationStage=NotStarted Some updates remain.}
{"logTime": "0226/091348", "correlationVector":"k5SnG0AvzW70rVEzBP5JO0","action":"Initial GetUpdates", "result":"", "context":Reason: NEWLY_SUPPORTED_DATATYPE. cV=k5SnG0AvzW70rVEzBP5JO0}
{"logTime": "0226/091349", "correlationVector":"k5SnG0AvzW70rVEzBP5JO0.1","action":"SyncServerConnectionManagerRequest", "result":"SYNC_SERVER_OK", "context":{"environment":"Prod_canadacentral_prod-s01-021-nam-canadacentral", "migrationStage":"NotStarted", "server":"akswtt00500000o"}}
{"logTime": "0226/091349", "correlationVector":"k5SnG0AvzW70rVEzBP5JO0.2","action":"ProcessGetUpdates", "result":"Done", "context":{"dataType":"Sessions", "deleted":"249", "process_failed_to_decrypt":"0", "process_pending_decryption":"0", "process_success":"249", "total":"249"}}
{"logTime": "0226/091349", "correlationVector":"k5SnG0AvzW70rVEzBP5JO0.3","action":"ProcessGetUpdates", "result":"Done", "context":{"dataType":"Edge Tab Group", "deleted":"1", "process_failed_to_decrypt":"0", "process_pending_decryption":"0", "process_success":"1", "total":"1"}}
{"logTime": "0226/091349", "correlationVector":"k5SnG0AvzW70rVEzBP5JO0.4","action":"GetUpdates Response", "result":"Success", "context":Received 250 update(s). cV=k5SnG0AvzW70rVEzBP5JO0.0;server=akswtt00500000o;cloudType=Consumer;environment=Prod_canadacentral_prod-s01-021-nam-canadacentral;migrationStage=NotStarted Some updates remain.}
{"logTime": "0226/091349", "correlationVector":"RcSo4j23/c0kvdux/hMFqj","action":"Initial GetUpdates", "result":"", "context":Reason: NEWLY_SUPPORTED_DATATYPE. cV=RcSo4j23/c0kvdux/hMFqj}
{"logTime": "0226/091351", "correlationVector":"RcSo4j23/c0kvdux/hMFqj.1","action":"SyncServerConnectionManagerRequest", "result":"SYNC_SERVER_OK", "context":{"environment":"Prod_canadacentral_prod-s01-021-nam-canadacentral", "migrationStage":"NotStarted", "server":"akswtt005000010"}}
{"logTime": "0226/091351", "correlationVector":"RcSo4j23/c0kvdux/hMFqj.2","action":"ProcessGetUpdates", "result":"Done", "context":{"dataType":"Sessions", "deleted":"250", "process_failed_to_decrypt":"0", "process_pending_decryption":"0", "process_success":"250", "total":"250"}}
{"logTime": "0226/091351", "correlationVector":"RcSo4j23/c0kvdux/hMFqj.3","action":"GetUpdates Response", "result":"Success", "context":Received 250 update(s). cV=RcSo4j23/c0kvdux/hMFqj.0;server=akswtt005000010;cloudType=Consumer;environment=Prod_canadacentral_prod-s01-021-nam-canadacentral;migrationStage=NotStarted Some updates remain.}
{"logTime": "0226/091351", "correlationVector":"XCoUDXjt9CsPGMyqBxt3wF","action":"Initial GetUpdates", "result":"", "context":Reason: NEWLY_SUPPORTED_DATATYPE. cV=XCoUDXjt9CsPGMyqBxt3wF}
{"logTime": "0226/091352", "correlationVector":"XCoUDXjt9CsPGMyqBxt3wF.1","action":"SyncServerConnectionManagerRequest", "result":"SYNC_SERVER_OK", "context":{"environment":"Prod_canadacentral_prod-s01-021-nam-canadacentral", "migrationStage":"NotStarted", "server":"akswtt00500001c"}}
{"logTime": "0226/091352", "correlationVector":"XCoUDXjt9CsPGMyqBxt3wF.2","action":"ProcessGetUpdates", "result":"Done", "context":{"dataType":"Sessions", "deleted":"247", "process_failed_to_decrypt":"0", "process_pending_decryption":"0", "process_success":"247", "total":"247"}}
{"logTime": "0226/091352", "correlationVector":"XCoUDXjt9CsPGMyqBxt3wF.3","action":"ProcessGetUpdates", "result":"Done", "context":{"dataType":"Edge Hub App Usage", "deleted":"3", "process_failed_to_decrypt":"0", "process_pending_decryption":"0", "process_success":"3", "total":"3"}}
{"logTime": "0226/091352", "correlationVector":"XCoUDXjt9CsPGMyqBxt3wF.4","action":"GetUpdates Response", "result":"Success", "context":Received 250 update(s). cV=XCoUDXjt9CsPGMyqBxt3wF.0;server=akswtt00500001c;cloudType=Consumer;environment=Prod_canadacentral_prod-s01-021-nam-canadacentral;migrationStage=NotStarted Some updates remain.}
{"logTime": "0226/091352", "correlationVector":"MGiL/BntX4z1EjhyNLoVkt","action":"Initial GetUpdates", "result":"", "context":Reason: NEWLY_SUPPORTED_DATATYPE. cV=MGiL/BntX4z1EjhyNLoVkt}
{"logTime": "0226/091353", "correlationVector":"MGiL/BntX4z1EjhyNLoVkt","action":"SyncServerConnectionManagerRequest", "result":"CONNECTION_UNAVAILABLE", "context":{"error_type":"net_error_code", "error_value":"-3"}}
